2024-06-27 17:27:37.216701: E external/local_xla/xla/stream_executor/cuda/cuda_dnn.cc:9261] Unable to register cuDNN factory: Attempting to register factory for plugin cuDNN when one has already been registered
2024-06-27 17:27:37.216782: E external/local_xla/xla/stream_executor/cuda/cuda_fft.cc:607] Unable to register cuFFT factory: Attempting to register factory for plugin cuFFT when one has already been registered
2024-06-27 17:27:37.218036: E external/local_xla/xla/stream_executor/cuda/cuda_blas.cc:1515] Unable to register cuBLAS factory: Attempting to register factory for plugin cuBLAS when one has already been registered
2024-06-27 17:27:37.224313: I tensorflow/core/platform/cpu_feature_guard.cc:182] This TensorFlow binary is optimized to use available CPU instructions in performance-critical operations.
To enable the following instructions: AVX2 FMA, in other operations, rebuild TensorFlow with the appropriate compiler flags.
2024-06-27 17:27:38.017010: W tensorflow/compiler/tf2tensorrt/utils/py_utils.cc:38] TF-TRT Warning: Could not find TensorRT
Found 8189 files belonging to 1 classes.
2024-06-27 17:27:39.599709: I external/local_xla/xla/stream_executor/cuda/cuda_executor.cc:901] successful NUMA node read from SysFS had negative value (-1), but there must be at least one NUMA node, so returning NUMA node zero. See more at https://github.com/torvalds/linux/blob/v6.0/Documentation/ABI/testing/sysfs-bus-pci#L344-L355
2024-06-27 17:27:39.635537: I external/local_xla/xla/stream_executor/cuda/cuda_executor.cc:901] successful NUMA node read from SysFS had negative value (-1), but there must be at least one NUMA node, so returning NUMA node zero. See more at https://github.com/torvalds/linux/blob/v6.0/Documentation/ABI/testing/sysfs-bus-pci#L344-L355
2024-06-27 17:27:39.635820: I external/local_xla/xla/stream_executor/cuda/cuda_executor.cc:901] successful NUMA node read from SysFS had negative value (-1), but there must be at least one NUMA node, so returning NUMA node zero. See more at https://github.com/torvalds/linux/blob/v6.0/Documentation/ABI/testing/sysfs-bus-pci#L344-L355
2024-06-27 17:27:39.636452: I external/local_xla/xla/stream_executor/cuda/cuda_executor.cc:901] successful NUMA node read from SysFS had negative value (-1), but there must be at least one NUMA node, so returning NUMA node zero. See more at https://github.com/torvalds/linux/blob/v6.0/Documentation/ABI/testing/sysfs-bus-pci#L344-L355
2024-06-27 17:27:39.636674: I external/local_xla/xla/stream_executor/cuda/cuda_executor.cc:901] successful NUMA node read from SysFS had negative value (-1), but there must be at least one NUMA node, so returning NUMA node zero. See more at https://github.com/torvalds/linux/blob/v6.0/Documentation/ABI/testing/sysfs-bus-pci#L344-L355
2024-06-27 17:27:39.636851: I external/local_xla/xla/stream_executor/cuda/cuda_executor.cc:901] successful NUMA node read from SysFS had negative value (-1), but there must be at least one NUMA node, so returning NUMA node zero. See more at https://github.com/torvalds/linux/blob/v6.0/Documentation/ABI/testing/sysfs-bus-pci#L344-L355
2024-06-27 17:27:39.731051: I external/local_xla/xla/stream_executor/cuda/cuda_executor.cc:901] successful NUMA node read from SysFS had negative value (-1), but there must be at least one NUMA node, so returning NUMA node zero. See more at https://github.com/torvalds/linux/blob/v6.0/Documentation/ABI/testing/sysfs-bus-pci#L344-L355
2024-06-27 17:27:39.731264: I external/local_xla/xla/stream_executor/cuda/cuda_executor.cc:901] successful NUMA node read from SysFS had negative value (-1), but there must be at least one NUMA node, so returning NUMA node zero. See more at https://github.com/torvalds/linux/blob/v6.0/Documentation/ABI/testing/sysfs-bus-pci#L344-L355
2024-06-27 17:27:39.731450: I external/local_xla/xla/stream_executor/cuda/cuda_executor.cc:901] successful NUMA node read from SysFS had negative value (-1), but there must be at least one NUMA node, so returning NUMA node zero. See more at https://github.com/torvalds/linux/blob/v6.0/Documentation/ABI/testing/sysfs-bus-pci#L344-L355
2024-06-27 17:27:39.731604: I tensorflow/core/common_runtime/gpu/gpu_device.cc:1929] Created device /job:localhost/replica:0/task:0/device:GPU:0 with 5491 MB memory:  -> device: 0, name: NVIDIA GeForce GTX 1060 6GB, pci bus id: 0000:01:00.0, compute capability: 6.1
(100, 64, 64, 3)

Saved to original_images.png
Model: "model"
__________________________________________________________________________________________________
 Layer (type)                Output Shape                 Param #   Connected to                  
==================================================================================================
 input_2 (InputLayer)        [(None, 1, 1, 1)]            0         []                            
                                                                                                  
 input_1 (InputLayer)        [(None, 64, 64, 3)]          0         []                            
                                                                                                  
 lambda (Lambda)             (None, 1, 1, 32)             0         ['input_2[0][0]']             
                                                                                                  
 conv2d (Conv2D)             (None, 64, 64, 32)           128       ['input_1[0][0]']             
                                                                                                  
 up_sampling2d (UpSampling2  (None, 64, 64, 32)           0         ['lambda[0][0]']              
 D)                                                                                               
                                                                                                  
 concatenate (Concatenate)   (None, 64, 64, 64)           0         ['conv2d[0][0]',              
                                                                     'up_sampling2d[0][0]']       
                                                                                                  
 down_block (DownBlock)      ((None, 32, 32, 32),         48480     ['concatenate[0][0]']         
                              [(None, 64, 64, 32),                                                
                              (None, 64, 64, 32)])                                                
                                                                                                  
 down_block_1 (DownBlock)    ((None, 16, 16, 64),         131584    ['down_block[0][0]']          
                              [(None, 32, 32, 64),                                                
                              (None, 32, 32, 64)])                                                
                                                                                                  
 down_block_2 (DownBlock)    ((None, 8, 8, 96),           311072    ['down_block_1[0][0]']        
                              [(None, 16, 16, 96),                                                
                              (None, 16, 16, 96)])                                                
                                                                                                  
 residual_block_6 (Residual  (None, 8, 8, 128)            270912    ['down_block_2[0][0]']        
 Block)                                                                                           
                                                                                                  
 residual_block_7 (Residual  (None, 8, 8, 128)            295424    ['residual_block_6[0][0]']    
 Block)                                                                                           
                                                                                                  
 up_block (UpBlock)          (None, 16, 16, 96)           566656    ['residual_block_7[0][0]',    
                                                                     'down_block_2[0][2]',        
                                                                     'down_block_2[0][1]']        
                                                                                                  
 up_block_1 (UpBlock)        (None, 32, 32, 64)           259008    ['up_block[0][0]',            
                                                                     'down_block_1[0][2]',        
                                                                     'down_block_1[0][1]']        
                                                                                                  
 up_block_2 (UpBlock)        (None, 64, 64, 32)           70144     ['up_block_1[0][0]',          
                                                                     'down_block[0][2]',          
                                                                     'down_block[0][1]']          
                                                                                                  
 conv2d_43 (Conv2D)          (None, 64, 64, 3)            99        ['up_block_2[0][0]']          
                                                                                                  
==================================================================================================
Total params: 1953507 (7.45 MB)
Trainable params: 1950627 (7.44 MB)
Non-trainable params: 2880 (11.25 KB)
__________________________________________________________________________________________________
Epoch 1/100
2024-06-27 17:28:08.989216: I external/local_xla/xla/stream_executor/cuda/cuda_dnn.cc:454] Loaded cuDNN version 8904
2024-06-27 17:28:12.714378: I external/local_xla/xla/service/service.cc:168] XLA service 0x7f51caf31970 initialized for platform CUDA (this does not guarantee that XLA will be used). Devices:
2024-06-27 17:28:12.714444: I external/local_xla/xla/service/service.cc:176]   StreamExecutor device (0): NVIDIA GeForce GTX 1060 6GB, Compute Capability 6.1
2024-06-27 17:28:12.719207: I tensorflow/compiler/mlir/tensorflow/utils/dump_mlir_util.cc:269] disabling MLIR crash reproducer, set env var `MLIR_CRASH_REPRODUCER_DIRECTORY` to enable.
WARNING: All log messages before absl::InitializeLog() is called are written to STDERR
I0000 00:00:1719505692.815307  442788 device_compiler.h:186] Compiled cluster using XLA!  This line is logged at most once for the lifetime of the process.

Saved to ./output/generated_image_epoch_0.png
639/639 - 174s - n_loss: 0.2343 - 174s/epoch - 272ms/step
Epoch 2/100

Saved to ./output/generated_image_epoch_1.png
639/639 - 147s - n_loss: 0.1966 - 147s/epoch - 230ms/step
Epoch 3/100

Saved to ./output/generated_image_epoch_2.png
639/639 - 147s - n_loss: 0.1893 - 147s/epoch - 230ms/step
Epoch 4/100

Saved to ./output/generated_image_epoch_3.png
639/639 - 147s - n_loss: 0.1867 - 147s/epoch - 231ms/step
Epoch 5/100

Saved to ./output/generated_image_epoch_4.png
639/639 - 147s - n_loss: 0.1837 - 147s/epoch - 230ms/step
Epoch 6/100

Saved to ./output/generated_image_epoch_5.png
639/639 - 148s - n_loss: 0.1817 - 148s/epoch - 231ms/step
Epoch 7/100

Saved to ./output/generated_image_epoch_6.png
639/639 - 147s - n_loss: 0.1808 - 147s/epoch - 230ms/step
Epoch 8/100

Saved to ./output/generated_image_epoch_7.png
639/639 - 148s - n_loss: 0.1799 - 148s/epoch - 231ms/step
Epoch 9/100

Saved to ./output/generated_image_epoch_8.png
639/639 - 147s - n_loss: 0.1789 - 147s/epoch - 230ms/step
Epoch 10/100

Saved to ./output/generated_image_epoch_9.png
639/639 - 147s - n_loss: 0.1779 - 147s/epoch - 230ms/step
Epoch 11/100

Saved to ./output/generated_image_epoch_10.png
639/639 - 148s - n_loss: 0.1783 - 148s/epoch - 232ms/step
Epoch 12/100

Saved to ./output/generated_image_epoch_11.png
639/639 - 147s - n_loss: 0.1776 - 147s/epoch - 230ms/step
Epoch 13/100

Saved to ./output/generated_image_epoch_12.png
639/639 - 147s - n_loss: 0.1764 - 147s/epoch - 231ms/step
Epoch 14/100

Saved to ./output/generated_image_epoch_13.png
639/639 - 148s - n_loss: 0.1760 - 148s/epoch - 232ms/step
Epoch 15/100

Saved to ./output/generated_image_epoch_14.png
639/639 - 147s - n_loss: 0.1770 - 147s/epoch - 230ms/step
Epoch 16/100

Saved to ./output/generated_image_epoch_15.png
639/639 - 147s - n_loss: 0.1751 - 147s/epoch - 230ms/step
Epoch 17/100

Saved to ./output/generated_image_epoch_16.png
639/639 - 147s - n_loss: 0.1752 - 147s/epoch - 230ms/step
Epoch 18/100

Saved to ./output/generated_image_epoch_17.png
639/639 - 147s - n_loss: 0.1752 - 147s/epoch - 230ms/step
Epoch 19/100

Saved to ./output/generated_image_epoch_18.png
639/639 - 149s - n_loss: 0.1754 - 149s/epoch - 233ms/step
Epoch 20/100
/home/nathan/Documents/diffusion_model/display.py:18: RuntimeWarning: More than 20 figures have been opened. Figures created through the pyplot interface (`matplotlib.pyplot.figure`) are retained until explicitly closed and may consume too much memory. (To control this warning, see the rcParam `figure.max_open_warning`). Consider using `matplotlib.pyplot.close()`.
  _, axes = plt.subplots(10, 10, figsize=size)

Saved to ./output/generated_image_epoch_19.png
639/639 - 147s - n_loss: 0.1743 - 147s/epoch - 230ms/step
Epoch 21/100

Saved to ./output/generated_image_epoch_20.png
639/639 - 147s - n_loss: 0.1745 - 147s/epoch - 230ms/step
Epoch 22/100

Saved to ./output/generated_image_epoch_21.png
639/639 - 147s - n_loss: 0.1746 - 147s/epoch - 230ms/step
Epoch 23/100

Saved to ./output/generated_image_epoch_22.png
639/639 - 147s - n_loss: 0.1748 - 147s/epoch - 230ms/step
Epoch 24/100

Saved to ./output/generated_image_epoch_23.png
639/639 - 149s - n_loss: 0.1742 - 149s/epoch - 233ms/step
Epoch 25/100

Saved to ./output/generated_image_epoch_24.png
639/639 - 147s - n_loss: 0.1738 - 147s/epoch - 230ms/step
Epoch 26/100

Saved to ./output/generated_image_epoch_25.png
639/639 - 147s - n_loss: 0.1739 - 147s/epoch - 230ms/step
Epoch 27/100

Saved to ./output/generated_image_epoch_26.png
639/639 - 147s - n_loss: 0.1732 - 147s/epoch - 230ms/step
Epoch 28/100

Saved to ./output/generated_image_epoch_27.png
639/639 - 147s - n_loss: 0.1732 - 147s/epoch - 230ms/step
Epoch 29/100

Saved to ./output/generated_image_epoch_28.png
639/639 - 147s - n_loss: 0.1738 - 147s/epoch - 231ms/step
Epoch 30/100

Saved to ./output/generated_image_epoch_29.png
639/639 - 147s - n_loss: 0.1737 - 147s/epoch - 230ms/step
Epoch 31/100

Saved to ./output/generated_image_epoch_30.png
639/639 - 150s - n_loss: 0.1738 - 150s/epoch - 234ms/step
Epoch 32/100

Saved to ./output/generated_image_epoch_31.png
639/639 - 147s - n_loss: 0.1731 - 147s/epoch - 230ms/step
Epoch 33/100

Saved to ./output/generated_image_epoch_32.png
639/639 - 147s - n_loss: 0.1723 - 147s/epoch - 230ms/step
Epoch 34/100

Saved to ./output/generated_image_epoch_33.png
639/639 - 147s - n_loss: 0.1731 - 147s/epoch - 230ms/step
Epoch 35/100

Saved to ./output/generated_image_epoch_34.png
639/639 - 147s - n_loss: 0.1733 - 147s/epoch - 230ms/step
Epoch 36/100

Saved to ./output/generated_image_epoch_35.png
639/639 - 147s - n_loss: 0.1726 - 147s/epoch - 231ms/step
Epoch 37/100

Saved to ./output/generated_image_epoch_36.png
639/639 - 147s - n_loss: 0.1722 - 147s/epoch - 230ms/step
Epoch 38/100

Saved to ./output/generated_image_epoch_37.png
639/639 - 147s - n_loss: 0.1734 - 147s/epoch - 230ms/step
Epoch 39/100

Saved to ./output/generated_image_epoch_38.png
639/639 - 150s - n_loss: 0.1716 - 150s/epoch - 235ms/step
Epoch 40/100

Saved to ./output/generated_image_epoch_39.png
639/639 - 147s - n_loss: 0.1723 - 147s/epoch - 230ms/step
Epoch 41/100

Saved to ./output/generated_image_epoch_40.png
639/639 - 147s - n_loss: 0.1731 - 147s/epoch - 230ms/step
Epoch 42/100

Saved to ./output/generated_image_epoch_41.png
639/639 - 147s - n_loss: 0.1725 - 147s/epoch - 230ms/step
Epoch 43/100

Saved to ./output/generated_image_epoch_42.png
639/639 - 147s - n_loss: 0.1717 - 147s/epoch - 230ms/step
Epoch 44/100

Saved to ./output/generated_image_epoch_43.png
639/639 - 147s - n_loss: 0.1721 - 147s/epoch - 231ms/step
Epoch 45/100

Saved to ./output/generated_image_epoch_44.png
639/639 - 147s - n_loss: 0.1721 - 147s/epoch - 230ms/step
Epoch 46/100

Saved to ./output/generated_image_epoch_45.png
639/639 - 147s - n_loss: 0.1718 - 147s/epoch - 230ms/step
Epoch 47/100

Saved to ./output/generated_image_epoch_46.png
639/639 - 147s - n_loss: 0.1716 - 147s/epoch - 230ms/step
Epoch 48/100

Saved to ./output/generated_image_epoch_47.png
639/639 - 147s - n_loss: 0.1720 - 147s/epoch - 230ms/step
Epoch 49/100

Saved to ./output/generated_image_epoch_48.png
639/639 - 151s - n_loss: 0.1724 - 151s/epoch - 237ms/step
Epoch 50/100

Saved to ./output/generated_image_epoch_49.png
639/639 - 147s - n_loss: 0.1716 - 147s/epoch - 230ms/step
Epoch 51/100

Saved to ./output/generated_image_epoch_50.png
639/639 - 147s - n_loss: 0.1714 - 147s/epoch - 230ms/step
Epoch 52/100

Saved to ./output/generated_image_epoch_51.png
639/639 - 147s - n_loss: 0.1712 - 147s/epoch - 230ms/step
Epoch 53/100

Saved to ./output/generated_image_epoch_52.png
639/639 - 147s - n_loss: 0.1719 - 147s/epoch - 230ms/step
Epoch 54/100

Saved to ./output/generated_image_epoch_53.png
639/639 - 147s - n_loss: 0.1713 - 147s/epoch - 230ms/step
Epoch 55/100

Saved to ./output/generated_image_epoch_54.png
639/639 - 147s - n_loss: 0.1721 - 147s/epoch - 230ms/step
Epoch 56/100

Saved to ./output/generated_image_epoch_55.png
639/639 - 147s - n_loss: 0.1721 - 147s/epoch - 230ms/step
Epoch 57/100

Saved to ./output/generated_image_epoch_56.png
639/639 - 147s - n_loss: 0.1715 - 147s/epoch - 230ms/step
Epoch 58/100

Saved to ./output/generated_image_epoch_57.png
639/639 - 147s - n_loss: 0.1719 - 147s/epoch - 230ms/step
Epoch 59/100

Saved to ./output/generated_image_epoch_58.png
639/639 - 147s - n_loss: 0.1710 - 147s/epoch - 230ms/step
Epoch 60/100

Saved to ./output/generated_image_epoch_59.png
639/639 - 147s - n_loss: 0.1720 - 147s/epoch - 230ms/step
Epoch 61/100

Saved to ./output/generated_image_epoch_60.png
639/639 - 147s - n_loss: 0.1704 - 147s/epoch - 230ms/step
Epoch 62/100

Saved to ./output/generated_image_epoch_61.png
639/639 - 152s - n_loss: 0.1713 - 152s/epoch - 238ms/step
Epoch 63/100

Saved to ./output/generated_image_epoch_62.png
639/639 - 147s - n_loss: 0.1709 - 147s/epoch - 230ms/step
Epoch 64/100

Saved to ./output/generated_image_epoch_63.png
639/639 - 147s - n_loss: 0.1704 - 147s/epoch - 230ms/step
Epoch 65/100

Saved to ./output/generated_image_epoch_64.png
639/639 - 147s - n_loss: 0.1709 - 147s/epoch - 230ms/step
Epoch 66/100

Saved to ./output/generated_image_epoch_65.png
639/639 - 147s - n_loss: 0.1712 - 147s/epoch - 230ms/step
Epoch 67/100

Saved to ./output/generated_image_epoch_66.png
639/639 - 147s - n_loss: 0.1710 - 147s/epoch - 230ms/step
Epoch 68/100

Saved to ./output/generated_image_epoch_67.png
639/639 - 147s - n_loss: 0.1710 - 147s/epoch - 230ms/step
Epoch 69/100

Saved to ./output/generated_image_epoch_68.png
639/639 - 147s - n_loss: 0.1706 - 147s/epoch - 230ms/step
Epoch 70/100

Saved to ./output/generated_image_epoch_69.png
639/639 - 147s - n_loss: 0.1709 - 147s/epoch - 230ms/step
Epoch 71/100

Saved to ./output/generated_image_epoch_70.png
639/639 - 147s - n_loss: 0.1705 - 147s/epoch - 230ms/step
Epoch 72/100

Saved to ./output/generated_image_epoch_71.png
639/639 - 147s - n_loss: 0.1706 - 147s/epoch - 230ms/step
Epoch 73/100

Saved to ./output/generated_image_epoch_72.png
639/639 - 147s - n_loss: 0.1712 - 147s/epoch - 230ms/step
Epoch 74/100

Saved to ./output/generated_image_epoch_73.png
639/639 - 147s - n_loss: 0.1709 - 147s/epoch - 230ms/step
Epoch 75/100

Saved to ./output/generated_image_epoch_74.png
639/639 - 147s - n_loss: 0.1705 - 147s/epoch - 230ms/step
Epoch 76/100

Saved to ./output/generated_image_epoch_75.png
639/639 - 147s - n_loss: 0.1711 - 147s/epoch - 230ms/step
Epoch 77/100

Saved to ./output/generated_image_epoch_76.png
639/639 - 147s - n_loss: 0.1704 - 147s/epoch - 230ms/step
Epoch 78/100

Saved to ./output/generated_image_epoch_77.png
639/639 - 147s - n_loss: 0.1700 - 147s/epoch - 230ms/step
Epoch 79/100

Saved to ./output/generated_image_epoch_78.png
639/639 - 153s - n_loss: 0.1698 - 153s/epoch - 240ms/step
Epoch 80/100

Saved to ./output/generated_image_epoch_79.png
639/639 - 147s - n_loss: 0.1709 - 147s/epoch - 230ms/step
Epoch 81/100

Saved to ./output/generated_image_epoch_80.png
639/639 - 147s - n_loss: 0.1695 - 147s/epoch - 230ms/step
Epoch 82/100

Saved to ./output/generated_image_epoch_81.png
639/639 - 147s - n_loss: 0.1707 - 147s/epoch - 230ms/step
Epoch 83/100

Saved to ./output/generated_image_epoch_82.png
639/639 - 147s - n_loss: 0.1710 - 147s/epoch - 230ms/step
Epoch 84/100

Saved to ./output/generated_image_epoch_83.png
639/639 - 147s - n_loss: 0.1706 - 147s/epoch - 230ms/step
Epoch 85/100

Saved to ./output/generated_image_epoch_84.png
639/639 - 147s - n_loss: 0.1697 - 147s/epoch - 230ms/step
Epoch 86/100

Saved to ./output/generated_image_epoch_85.png
639/639 - 147s - n_loss: 0.1707 - 147s/epoch - 230ms/step
Epoch 87/100

Saved to ./output/generated_image_epoch_86.png
639/639 - 147s - n_loss: 0.1699 - 147s/epoch - 230ms/step
Epoch 88/100

Saved to ./output/generated_image_epoch_87.png
639/639 - 147s - n_loss: 0.1701 - 147s/epoch - 230ms/step
Epoch 89/100

Saved to ./output/generated_image_epoch_88.png
639/639 - 147s - n_loss: 0.1700 - 147s/epoch - 230ms/step
Epoch 90/100

Saved to ./output/generated_image_epoch_89.png
639/639 - 147s - n_loss: 0.1705 - 147s/epoch - 230ms/step
Epoch 91/100

Saved to ./output/generated_image_epoch_90.png
639/639 - 147s - n_loss: 0.1697 - 147s/epoch - 230ms/step
Epoch 92/100

Saved to ./output/generated_image_epoch_91.png
639/639 - 147s - n_loss: 0.1699 - 147s/epoch - 230ms/step
Epoch 93/100

Saved to ./output/generated_image_epoch_92.png
639/639 - 147s - n_loss: 0.1702 - 147s/epoch - 230ms/step
Epoch 94/100

Saved to ./output/generated_image_epoch_93.png
639/639 - 147s - n_loss: 0.1698 - 147s/epoch - 230ms/step
Epoch 95/100

Saved to ./output/generated_image_epoch_94.png
639/639 - 147s - n_loss: 0.1706 - 147s/epoch - 230ms/step
Epoch 96/100

Saved to ./output/generated_image_epoch_95.png
639/639 - 147s - n_loss: 0.1697 - 147s/epoch - 230ms/step
Epoch 97/100

Saved to ./output/generated_image_epoch_96.png
639/639 - 147s - n_loss: 0.1690 - 147s/epoch - 230ms/step
Epoch 98/100

Saved to ./output/generated_image_epoch_97.png
639/639 - 147s - n_loss: 0.1696 - 147s/epoch - 230ms/step
Epoch 99/100

Saved to ./output/generated_image_epoch_98.png
639/639 - 155s - n_loss: 0.1690 - 155s/epoch - 242ms/step
Epoch 100/100

Saved to ./output/generated_image_epoch_99.png
639/639 - 147s - n_loss: 0.1702 - 147s/epoch - 230ms/step

Saved to final_generated_images.png
